<?xml version="1.0" encoding="UTF-8"?>
<testsuite xmlns:xsi="http://www.w3.org/2001/XMLSchema-instance" xsi:noNamespaceSchemaLocation="https://maven.apache.org/surefire/maven-surefire-plugin/xsd/surefire-test-report.xsd" name="br.ufc.tpii.vmsys.VendingMachineTest" time="0" tests="4" errors="0" skipped="0" failures="0">
  <properties>
[...]
</properties>
  <testcase name="testVend" classname="br.ufc.tpii.vmsys.VendingMachineTest" time="0"/>
  <testcase name="testHowManyCoinsLeft" classname="br.ufc.tpii.vmsys.VendingMachineTest" time="0"/>
  <testcase name="testAddCoins" classname="br.ufc.tpii.vmsys.VendingMachineTest" time="0"/>
  <testcase name="testWithdrawRemainingCoins" classname="br.ufc.tpii.vmsys.VendingMachineTest" time="0"/>
</testsuite>