-------------------------------------------------------------------------------
Test set: test.java.br.ufc.dc.tpii.vmsys.VendingMachineTest
-------------------------------------------------------------------------------
Tests run: 5, Failures: 1, Errors: 0, Skipped: 0, Time elapsed: 0.001 s <<< FAILURE! - in test.java.br.ufc.dc.tpii.vmsys.VendingMachineTest
vend  Time elapsed: 0.001 s  <<< FAILURE!
org.opentest4j.AssertionFailedError: Not yet implemented
	at test.java.br.ufc.dc.tpii.vmsys.VendingMachineTest.vend(VendingMachineTest.java:28)

